2021-11-30 21:50:15,544 - INFO - Bot started!
2021-11-30 21:50:15,548 - INFO - Scheduler started
2021-11-30 21:51:24,484 - INFO - Bot started!
2021-11-30 21:51:24,487 - INFO - Scheduler started
2021-12-04 19:04:20,156 - INFO - Bot started!
2021-12-04 19:04:20,161 - INFO - Scheduler started
2021-12-04 19:04:27,416 - INFO - Привет
2021-12-04 19:04:31,689 - INFO - Ы8рщпзащ
2021-12-04 19:04:33,400 - INFO - Яшрчщрсщ
2021-12-04 19:04:35,081 - INFO - Щсощгсзгсзга
2021-12-04 19:04:44,058 - INFO - Нвщчш
2021-12-04 19:04:46,024 - INFO - 8снсщнс9нс
2021-12-04 19:04:47,631 - INFO - 9гп9гм9
2021-12-04 19:05:18,440 - INFO - Dff
2021-12-04 19:05:30,367 - INFO - Dff?
2021-12-04 19:06:07,046 - INFO - Гнида
2021-12-04 19:08:31,338 - INFO - Ты пидр
2021-12-04 19:08:46,761 - INFO - Переводишь стрелки?
2021-12-04 19:09:52,496 - INFO - Пидр
2021-12-04 19:10:05,219 - INFO - Пидр
2021-12-04 19:10:23,896 - INFO - Ладно
2021-12-04 19:11:03,440 - INFO - Blen, он русский не понимает кстати
2021-12-04 19:11:10,609 - INFO - Привет
2021-12-04 19:11:17,364 - INFO - You gnida
2021-12-04 19:11:23,040 - INFO - Отлично
2021-12-04 19:12:06,191 - INFO - Да
2021-12-04 19:12:06,649 - INFO - Да
2021-12-04 19:12:22,529 - INFO - Пизда
2021-12-04 19:12:54,079 - INFO - Грубить не хорошо!
2021-12-04 19:13:25,095 - INFO - Хахахаха
2021-12-04 19:13:42,383 - INFO - Чорт
2021-12-04 19:15:18,170 - INFO - Да
2021-12-04 20:10:18,092 - INFO - Завтра
2021-12-05 12:31:15,285 - INFO - Bot started!
2021-12-05 12:31:15,285 - INFO - Scheduler started
2021-12-05 12:31:20,214 - INFO - Окей
2021-12-05 12:33:29,691 - INFO - Пидарок)
2021-12-05 12:35:36,961 - INFO - Ты неживой кусок кода. Разве бот может создать искусство? Разве бот может сочинить симфонию?
2021-12-05 12:52:42,958 - INFO - Повторюшка))
2021-12-05 13:01:00,395 - INFO - \u2764\ufe0f
2021-12-05 16:46:28,531 - INFO - Bot started!
2021-12-05 16:46:28,540 - INFO - Scheduler started
2021-12-05 17:57:41,559 - INFO - Bot started!
2021-12-05 17:57:41,564 - INFO - Scheduler started
2021-12-05 17:57:45,807 - INFO - @Grisha_II_bot
2021-12-05 17:58:23,921 - INFO - Ah shit
2021-12-05 17:58:31,709 - INFO - Fuck you
2021-12-05 17:58:42,023 - INFO - I love you
2021-12-05 17:58:47,878 - INFO - \U0001f97a
2021-12-11 17:05:19,217 - INFO - Bot started!
2021-12-11 17:05:19,220 - INFO - Scheduler started
2021-12-11 17:05:35,198 - INFO - Привет
2021-12-11 17:05:39,090 - INFO - Ты пидр
